Aggregate  (cost=305.63..305.64 rows=1 width=8) (actual time=3.316..3.317 rows=1 loops=1)
"  ->  Seq Scan on ""Ticket""  (cost=0.00..299.00 rows=2654 width=2) (actual time=0.013..2.991 rows=2654 loops=1)"
"        Filter: ((""PurchaseTime"" <= CURRENT_DATE) AND (""PurchaseTime"" >= (CURRENT_DATE - 7)))"
        Rows Removed by Filter: 7346
Planning Time: 0.062 ms
Execution Time: 3.343 ms
